execve("/usr/bin/resolvectl", ["resolvectl", "query", "10086.cn"], 0x7ffe85532650 /* 65 vars */) = 0
brk(NULL)                               = 0x5e104902f000
mmap(NULL, 8192, PROT_READ|PROT_WRITE, MAP_PRIVATE|MAP_ANONYMOUS, -1, 0) = 0x7a94c31ef000
access("/etc/ld.so.preload", R_OK)      = -1 ENOENT (No such file or directory)
openat(AT_FDCWD, "/usr/lib/x86_64-linux-gnu/systemd/glibc-hwcaps/x86-64-v3/libsystemd-shared-255.so", O_RDONLY|O_CLOEXEC) = -1 ENOENT (No such file or directory)
newfstatat(AT_FDCWD, "/usr/lib/x86_64-linux-gnu/systemd/glibc-hwcaps/x86-64-v3/", 0x7ffd0766a940, 0) = -1 ENOENT (No such file or directory)
openat(AT_FDCWD, "/usr/lib/x86_64-linux-gnu/systemd/glibc-hwcaps/x86-64-v2/libsystemd-shared-255.so", O_RDONLY|O_CLOEXEC) = -1 ENOENT (No such file or directory)
newfstatat(AT_FDCWD, "/usr/lib/x86_64-linux-gnu/systemd/glibc-hwcaps/x86-64-v2/", 0x7ffd0766a940, 0) = -1 ENOENT (No such file or directory)
openat(AT_FDCWD, "/usr/lib/x86_64-linux-gnu/systemd/libsystemd-shared-255.so", O_RDONLY|O_CLOEXEC) = 3
read(3, "\177ELF\2\1\1\0\0\0\0\0\0\0\0\0\3\0>\0\1\0\0\0\0\0\0\0\0\0\0\0"..., 832) = 832
fstat(3, {st_mode=S_IFREG|0644, st_size=3750936, ...}) = 0
mmap(NULL, 3761904, PROT_READ, MAP_PRIVATE|MAP_DENYWRITE, 3, 0) = 0x7a94c2e00000
mmap(0x7a94c2e6a000, 2387968, PROT_READ|PROT_EXEC, MAP_PRIVATE|MAP_FIXED|MAP_DENYWRITE, 3, 0x6a000) = 0x7a94c2e6a000
mmap(0x7a94c30b1000, 806912, PROT_READ, MAP_PRIVATE|MAP_FIXED|MAP_DENYWRITE, 3, 0x2b1000) = 0x7a94c30b1000
mmap(0x7a94c3176000, 126976, PROT_READ|PROT_WRITE, MAP_PRIVATE|MAP_FIXED|MAP_DENYWRITE, 3, 0x375000) = 0x7a94c3176000
mmap(0x7a94c3195000, 5872, PROT_READ|PROT_WRITE, MAP_PRIVATE|MAP_FIXED|MAP_ANONYMOUS, -1, 0) = 0x7a94c3195000
close(3)                                = 0
openat(AT_FDCWD, "/usr/lib/x86_64-linux-gnu/systemd/libm.so.6", O_RDONLY|O_CLOEXEC) = -1 ENOENT (No such file or directory)
openat(AT_FDCWD, "/etc/ld.so.cache", O_RDONLY|O_CLOEXEC) = 3
fstat(3, {st_mode=S_IFREG|0644, st_size=69763, ...}) = 0
mmap(NULL, 69763, PROT_READ, MAP_PRIVATE, 3, 0) = 0x7a94c31dd000
close(3)                                = 0
openat(AT_FDCWD, "/lib/x86_64-linux-gnu/libm.so.6", O_RDONLY|O_CLOEXEC) = 3
read(3, "\177ELF\2\1\1\3\0\0\0\0\0\0\0\0\3\0>\0\1\0\0\0\0\0\0\0\0\0\0\0"..., 832) = 832
fstat(3, {st_mode=S_IFREG|0644, st_size=952616, ...}) = 0
mmap(NULL, 950296, PROT_READ, MAP_PRIVATE|MAP_DENYWRITE, 3, 0) = 0x7a94c2d17000
mmap(0x7a94c2d27000, 520192, PROT_READ|PROT_EXEC, MAP_PRIVATE|MAP_FIXED|MAP_DENYWRITE, 3, 0x10000) = 0x7a94c2d27000
mmap(0x7a94c2da6000, 360448, PROT_READ, MAP_PRIVATE|MAP_FIXED|MAP_DENYWRITE, 3, 0x8f000) = 0x7a94c2da6000
mmap(0x7a94c2dfe000, 8192, PROT_READ|PROT_WRITE, MAP_PRIVATE|MAP_FIXED|MAP_DENYWRITE, 3, 0xe7000) = 0x7a94c2dfe000
close(3)                                = 0
openat(AT_FDCWD, "/usr/lib/x86_64-linux-gnu/systemd/libc.so.6", O_RDONLY|O_CLOEXEC) = -1 ENOENT (No such file or directory)
openat(AT_FDCWD, "/lib/x86_64-linux-gnu/libc.so.6", O_RDONLY|O_CLOEXEC) = 3
read(3, "\177ELF\2\1\1\3\0\0\0\0\0\0\0\0\3\0>\0\1\0\0\0\220\243\2\0\0\0\0\0"..., 832) = 832
pread64(3, "\6\0\0\0\4\0\0\0@\0\0\0\0\0\0\0@\0\0\0\0\0\0\0@\0\0\0\0\0\0\0"..., 784, 64) = 784
fstat(3, {st_mode=S_IFREG|0755, st_size=2125328, ...}) = 0
pread64(3, "\6\0\0\0\4\0\0\0@\0\0\0\0\0\0\0@\0\0\0\0\0\0\0@\0\0\0\0\0\0\0"..., 784, 64) = 784
mmap(NULL, 2170256, PROT_READ, MAP_PRIVATE|MAP_DENYWRITE, 3, 0) = 0x7a94c2a00000
mmap(0x7a94c2a28000, 1605632, PROT_READ|PROT_EXEC, MAP_PRIVATE|MAP_FIXED|MAP_DENYWRITE, 3, 0x28000) = 0x7a94c2a28000
mmap(0x7a94c2bb0000, 323584, PROT_READ, MAP_PRIVATE|MAP_FIXED|MAP_DENYWRITE, 3, 0x1b0000) = 0x7a94c2bb0000
mmap(0x7a94c2bff000, 24576, PROT_READ|PROT_WRITE, MAP_PRIVATE|MAP_FIXED|MAP_DENYWRITE, 3, 0x1fe000) = 0x7a94c2bff000
mmap(0x7a94c2c05000, 52624, PROT_READ|PROT_WRITE, MAP_PRIVATE|MAP_FIXED|MAP_ANONYMOUS, -1, 0) = 0x7a94c2c05000
close(3)                                = 0
openat(AT_FDCWD, "/lib/x86_64-linux-gnu/libacl.so.1", O_RDONLY|O_CLOEXEC) = 3
read(3, "\177ELF\2\1\1\0\0\0\0\0\0\0\0\0\3\0>\0\1\0\0\0\0\0\0\0\0\0\0\0"..., 832) = 832
fstat(3, {st_mode=S_IFREG|0644, st_size=38984, ...}) = 0
mmap(NULL, 36896, PROT_READ, MAP_PRIVATE|MAP_DENYWRITE, 3, 0) = 0x7a94c31d3000
mmap(0x7a94c31d5000, 20480, PROT_READ|PROT_EXEC, MAP_PRIVATE|MAP_FIXED|MAP_DENYWRITE, 3, 0x2000) = 0x7a94c31d5000
mmap(0x7a94c31da000, 4096, PROT_READ, MAP_PRIVATE|MAP_FIXED|MAP_DENYWRITE, 3, 0x7000) = 0x7a94c31da000
mmap(0x7a94c31db000, 8192, PROT_READ|PROT_WRITE, MAP_PRIVATE|MAP_FIXED|MAP_DENYWRITE, 3, 0x8000) = 0x7a94c31db000
close(3)                                = 0
openat(AT_FDCWD, "/lib/x86_64-linux-gnu/libblkid.so.1", O_RDONLY|O_CLOEXEC) = 3
read(3, "\177ELF\2\1\1\0\0\0\0\0\0\0\0\0\3\0>\0\1\0\0\0\0\0\0\0\0\0\0\0"..., 832) = 832
fstat(3, {st_mode=S_IFREG|0644, st_size=236592, ...}) = 0
mmap(NULL, 238520, PROT_READ, MAP_PRIVATE|MAP_DENYWRITE, 3, 0) = 0x7a94c3198000
mmap(0x7a94c319f000, 147456, PROT_READ|PROT_EXEC, MAP_PRIVATE|MAP_FIXED|MAP_DENYWRITE, 3, 0x7000) = 0x7a94c319f000
mmap(0x7a94c31c3000, 36864, PROT_READ, MAP_PRIVATE|MAP_FIXED|MAP_DENYWRITE, 3, 0x2b000) = 0x7a94c31c3000
mmap(0x7a94c31cc000, 28672, PROT_READ|PROT_WRITE, MAP_PRIVATE|MAP_FIXED|MAP_DENYWRITE, 3, 0x33000) = 0x7a94c31cc000
close(3)                                = 0
openat(AT_FDCWD, "/lib/x86_64-linux-gnu/libcap.so.2", O_RDONLY|O_CLOEXEC) = 3
read(3, "\177ELF\2\1\1\0\0\0\0\0\0\0\0\0\3\0>\0\1\0\0\0\340\201\0\0\0\0\0\0"..., 832) = 832
fstat(3, {st_mode=S_IFREG|0644, st_size=51536, ...}) = 0
mmap(NULL, 8192, PROT_READ|PROT_WRITE, MAP_PRIVATE|MAP_ANONYMOUS, -1, 0) = 0x7a94c2d15000
mmap(NULL, 49224, PROT_READ, MAP_PRIVATE|MAP_DENYWRITE, 3, 0) = 0x7a94c2d08000
mmap(0x7a94c2d0b000, 24576, PROT_READ|PROT_EXEC, MAP_PRIVATE|MAP_FIXED|MAP_DENYWRITE, 3, 0x3000) = 0x7a94c2d0b000
mmap(0x7a94c2d11000, 8192, PROT_READ, MAP_PRIVATE|MAP_FIXED|MAP_DENYWRITE, 3, 0x9000) = 0x7a94c2d11000
mmap(0x7a94c2d13000, 8192, PROT_READ|PROT_WRITE, MAP_PRIVATE|MAP_FIXED|MAP_DENYWRITE, 3, 0xb000) = 0x7a94c2d13000
close(3)                                = 0
openat(AT_FDCWD, "/lib/x86_64-linux-gnu/libcrypt.so.1", O_RDONLY|O_CLOEXEC) = 3
read(3, "\177ELF\2\1\1\0\0\0\0\0\0\0\0\0\3\0>\0\1\0\0\0\0\0\0\0\0\0\0\0"..., 832) = 832
fstat(3, {st_mode=S_IFREG|0644, st_size=198664, ...}) = 0
mmap(NULL, 233888, PROT_READ, MAP_PRIVATE|MAP_DENYWRITE, 3, 0) = 0x7a94c2cce000
mmap(0x7a94c2cd0000, 86016, PROT_READ|PROT_EXEC, MAP_PRIVATE|MAP_FIXED|MAP_DENYWRITE, 3, 0x2000) = 0x7a94c2cd0000
mmap(0x7a94c2ce5000, 102400, PROT_READ, MAP_PRIVATE|MAP_FIXED|MAP_DENYWRITE, 3, 0x17000) = 0x7a94c2ce5000
mmap(0x7a94c2cfe000, 8192, PROT_READ|PROT_WRITE, MAP_PRIVATE|MAP_FIXED|MAP_DENYWRITE, 3, 0x2f000) = 0x7a94c2cfe000
mmap(0x7a94c2d00000, 29088, PROT_READ|PROT_WRITE, MAP_PRIVATE|MAP_FIXED|MAP_ANONYMOUS, -1, 0) = 0x7a94c2d00000
close(3)                                = 0
openat(AT_FDCWD, "/lib/x86_64-linux-gnu/libgcrypt.so.20", O_RDONLY|O_CLOEXEC) = 3
read(3, "\177ELF\2\1\1\0\0\0\0\0\0\0\0\0\3\0>\0\1\0\0\0\0\0\0\0\0\0\0\0"..., 832) = 832
fstat(3, {st_mode=S_IFREG|0644, st_size=1340976, ...}) = 0
mmap(NULL, 1340272, PROT_READ, MAP_PRIVATE|MAP_DENYWRITE, 3, 0) = 0x7a94c28b8000
mmap(0x7a94c28c7000, 999424, PROT_READ|PROT_EXEC, MAP_PRIVATE|MAP_FIXED|MAP_DENYWRITE, 3, 0xf000) = 0x7a94c28c7000
mmap(0x7a94c29bb000, 241664, PROT_READ, MAP_PRIVATE|MAP_FIXED|MAP_DENYWRITE, 3, 0x103000) = 0x7a94c29bb000
mmap(0x7a94c29f6000, 36864, PROT_READ|PROT_WRITE, MAP_PRIVATE|MAP_FIXED|MAP_DENYWRITE, 3, 0x13e000) = 0x7a94c29f6000
mmap(0x7a94c29ff000, 880, PROT_READ|PROT_WRITE, MAP_PRIVATE|MAP_FIXED|MAP_ANONYMOUS, -1, 0) = 0x7a94c29ff000
close(3)                                = 0
openat(AT_FDCWD, "/lib/x86_64-linux-gnu/libkmod.so.2", O_RDONLY|O_CLOEXEC) = 3
read(3, "\177ELF\2\1\1\0\0\0\0\0\0\0\0\0\3\0>\0\1\0\0\0\0\0\0\0\0\0\0\0"..., 832) = 832
fstat(3, {st_mode=S_IFREG|0644, st_size=112792, ...}) = 0
mmap(NULL, 110608, PROT_READ, MAP_PRIVATE|MAP_DENYWRITE, 3, 0) = 0x7a94c2cb2000
mmap(0x7a94c2cb6000, 73728, PROT_READ|PROT_EXEC, MAP_PRIVATE|MAP_FIXED|MAP_DENYWRITE, 3, 0x4000) = 0x7a94c2cb6000
mmap(0x7a94c2cc8000, 16384, PROT_READ, MAP_PRIVATE|MAP_FIXED|MAP_DENYWRITE, 3, 0x16000) = 0x7a94c2cc8000
mmap(0x7a94c2ccc000, 8192, PROT_READ|PROT_WRITE, MAP_PRIVATE|MAP_FIXED|MAP_DENYWRITE, 3, 0x1a000) = 0x7a94c2ccc000
close(3)                                = 0
openat(AT_FDCWD, "/lib/x86_64-linux-gnu/liblz4.so.1", O_RDONLY|O_CLOEXEC) = 3
read(3, "\177ELF\2\1\1\0\0\0\0\0\0\0\0\0\3\0>\0\1\0\0\0\0\0\0\0\0\0\0\0"..., 832) = 832
fstat(3, {st_mode=S_IFREG|0644, st_size=137440, ...}) = 0
mmap(NULL, 135264, PROT_READ, MAP_PRIVATE|MAP_DENYWRITE, 3, 0) = 0x7a94c2c90000
mmap(0x7a94c2c93000, 110592, PROT_READ|PROT_EXEC, MAP_PRIVATE|MAP_FIXED|MAP_DENYWRITE, 3, 0x3000) = 0x7a94c2c93000
mmap(0x7a94c2cae000, 8192, PROT_READ, MAP_PRIVATE|MAP_FIXED|MAP_DENYWRITE, 3, 0x1e000) = 0x7a94c2cae000
mmap(0x7a94c2cb0000, 8192, PROT_READ|PROT_WRITE, MAP_PRIVATE|MAP_FIXED|MAP_DENYWRITE, 3, 0x20000) = 0x7a94c2cb0000
close(3)                                = 0
openat(AT_FDCWD, "/lib/x86_64-linux-gnu/libmount.so.1", O_RDONLY|O_CLOEXEC) = 3
read(3, "\177ELF\2\1\1\0\0\0\0\0\0\0\0\0\3\0>\0\1\0\0\0\0\0\0\0\0\0\0\0"..., 832) = 832
fstat(3, {st_mode=S_IFREG|0644, st_size=309960, ...}) = 0
mmap(NULL, 311896, PROT_READ, MAP_PRIVATE|MAP_DENYWRITE, 3, 0) = 0x7a94c2c43000
mmap(0x7a94c2c4c000, 212992, PROT_READ|PROT_EXEC, MAP_PRIVATE|MAP_FIXED|MAP_DENYWRITE, 3, 0x9000) = 0x7a94c2c4c000
mmap(0x7a94c2c80000, 53248, PROT_READ, MAP_PRIVATE|MAP_FIXED|MAP_DENYWRITE, 3, 0x3d000) = 0x7a94c2c80000
mmap(0x7a94c2c8d000, 12288, PROT_READ|PROT_WRITE, MAP_PRIVATE|MAP_FIXED|MAP_DENYWRITE, 3, 0x49000) = 0x7a94c2c8d000
close(3)                                = 0
openat(AT_FDCWD, "/lib/x86_64-linux-gnu/libcrypto.so.3", O_RDONLY|O_CLOEXEC) = 3
read(3, "\177ELF\2\1\1\0\0\0\0\0\0\0\0\0\3\0>\0\1\0\0\0\0\0\0\0\0\0\0\0"..., 832) = 832
fstat(3, {st_mode=S_IFREG|0644, st_size=5305304, ...}) = 0
mmap(NULL, 8192, PROT_READ|PROT_WRITE, MAP_PRIVATE|MAP_ANONYMOUS, -1, 0) = 0x7a94c2c41000
mmap(NULL, 5319632, PROT_READ, MAP_PRIVATE|MAP_DENYWRITE, 3, 0) = 0x7a94c2200000
mmap(0x7a94c22b3000, 3354624, PROT_READ|PROT_EXEC, MAP_PRIVATE|MAP_FIXED|MAP_DENYWRITE, 3, 0xb3000) = 0x7a94c22b3000
mmap(0x7a94c25e6000, 831488, PROT_READ, MAP_PRIVATE|MAP_FIXED|MAP_DENYWRITE, 3, 0x3e6000) = 0x7a94c25e6000
mmap(0x7a94c26b1000, 389120, PROT_READ|PROT_WRITE, MAP_PRIVATE|MAP_FIXED|MAP_DENYWRITE, 3, 0x4b0000) = 0x7a94c26b1000
mmap(0x7a94c2710000, 11216, PROT_READ|PROT_WRITE, MAP_PRIVATE|MAP_FIXED|MAP_ANONYMOUS, -1, 0) = 0x7a94c2710000
close(3)                                = 0
openat(AT_FDCWD, "/lib/x86_64-linux-gnu/libpam.so.0", O_RDONLY|O_CLOEXEC) = 3
read(3, "\177ELF\2\1\1\0\0\0\0\0\0\0\0\0\3\0>\0\1\0\0\0\0\0\0\0\0\0\0\0"..., 832) = 832
fstat(3, {st_mode=S_IFREG|0644, st_size=67888, ...}) = 0
mmap(NULL, 65552, PROT_READ, MAP_PRIVATE|MAP_DENYWRITE, 3, 0) = 0x7a94c2c30000
mmap(0x7a94c2c33000, 36864, PROT_READ|PROT_EXEC, MAP_PRIVATE|MAP_FIXED|MAP_DENYWRITE, 3, 0x3000) = 0x7a94c2c33000
mmap(0x7a94c2c3c000, 12288, PROT_READ, MAP_PRIVATE|MAP_FIXED|MAP_DENYWRITE, 3, 0xc000) = 0x7a94c2c3c000
mmap(0x7a94c2c3f000, 8192, PROT_READ|PROT_WRITE, MAP_PRIVATE|MAP_FIXED|MAP_DENYWRITE, 3, 0xf000) = 0x7a94c2c3f000
close(3)                                = 0
openat(AT_FDCWD, "/lib/x86_64-linux-gnu/libseccomp.so.2", O_RDONLY|O_CLOEXEC) = 3
read(3, "\177ELF\2\1\1\0\0\0\0\0\0\0\0\0\3\0>\0\1\0\0\0\0\0\0\0\0\0\0\0"..., 832) = 832
fstat(3, {st_mode=S_IFREG|0644, st_size=125360, ...}) = 0
mmap(NULL, 127296, PROT_READ, MAP_PRIVATE|MAP_DENYWRITE, 3, 0) = 0x7a94c2898000
mmap(0x7a94c289a000, 57344, PROT_READ|PROT_EXEC, MAP_PRIVATE|MAP_FIXED|MAP_DENYWRITE, 3, 0x2000) = 0x7a94c289a000
mmap(0x7a94c28a8000, 57344, PROT_READ, MAP_PRIVATE|MAP_FIXED|MAP_DENYWRITE, 3, 0x10000) = 0x7a94c28a8000
mmap(0x7a94c28b6000, 8192, PROT_READ|PROT_WRITE, MAP_PRIVATE|MAP_FIXED|MAP_DENYWRITE, 3, 0x1d000) = 0x7a94c28b6000
close(3)                                = 0
openat(AT_FDCWD, "/lib/x86_64-linux-gnu/libselinux.so.1", O_RDONLY|O_CLOEXEC) = 3
read(3, "\177ELF\2\1\1\0\0\0\0\0\0\0\0\0\3\0>\0\1\0\0\0\0\0\0\0\0\0\0\0"..., 832) = 832
fstat(3, {st_mode=S_IFREG|0644, st_size=174472, ...}) = 0
mmap(NULL, 181960, PROT_READ, MAP_PRIVATE|MAP_DENYWRITE, 3, 0) = 0x7a94c286b000
mmap(0x7a94c2871000, 118784, PROT_READ|PROT_EXEC, MAP_PRIVATE|MAP_FIXED|MAP_DENYWRITE, 3, 0x6000) = 0x7a94c2871000
mmap(0x7a94c288e000, 24576, PROT_READ, MAP_PRIVATE|MAP_FIXED|MAP_DENYWRITE, 3, 0x23000) = 0x7a94c288e000
mmap(0x7a94c2894000, 8192, PROT_READ|PROT_WRITE, MAP_PRIVATE|MAP_FIXED|MAP_DENYWRITE, 3, 0x29000) = 0x7a94c2894000
mmap(0x7a94c2896000, 5832, PROT_READ|PROT_WRITE, MAP_PRIVATE|MAP_FIXED|MAP_ANONYMOUS, -1, 0) = 0x7a94c2896000
close(3)                                = 0
openat(AT_FDCWD, "/lib/x86_64-linux-gnu/liblzma.so.5", O_RDONLY|O_CLOEXEC) = 3
read(3, "\177ELF\2\1\1\0\0\0\0\0\0\0\0\0\3\0>\0\1\0\0\0\0\0\0\0\0\0\0\0"..., 832) = 832
fstat(3, {st_mode=S_IFREG|0644, st_size=202904, ...}) = 0
mmap(NULL, 200728, PROT_READ, MAP_PRIVATE|MAP_DENYWRITE, 3, 0) = 0x7a94c2839000
mmap(0x7a94c283c000, 139264, PROT_READ|PROT_EXEC, MAP_PRIVATE|MAP_FIXED|MAP_DENYWRITE, 3, 0x3000) = 0x7a94c283c000
mmap(0x7a94c285e000, 45056, PROT_READ, MAP_PRIVATE|MAP_FIXED|MAP_DENYWRITE, 3, 0x25000) = 0x7a94c285e000
mmap(0x7a94c2869000, 8192, PROT_READ|PROT_WRITE, MAP_PRIVATE|MAP_FIXED|MAP_DENYWRITE, 3, 0x30000) = 0x7a94c2869000
close(3)                                = 0
openat(AT_FDCWD, "/lib/x86_64-linux-gnu/libzstd.so.1", O_RDONLY|O_CLOEXEC) = 3
read(3, "\177ELF\2\1\1\0\0\0\0\0\0\0\0\0\3\0>\0\1\0\0\0\0\0\0\0\0\0\0\0"..., 832) = 832
fstat(3, {st_mode=S_IFREG|0644, st_size=755864, ...}) = 0
mmap(NULL, 757816, PROT_READ, MAP_PRIVATE|MAP_DENYWRITE, 3, 0) = 0x7a94c277f000
mmap(0x7a94c2783000, 684032, PROT_READ|PROT_EXEC, MAP_PRIVATE|MAP_FIXED|MAP_DENYWRITE, 3, 0x4000) = 0x7a94c2783000
mmap(0x7a94c282a000, 53248, PROT_READ, MAP_PRIVATE|MAP_FIXED|MAP_DENYWRITE, 3, 0xab000) = 0x7a94c282a000
mmap(0x7a94c2837000, 8192, PROT_READ|PROT_WRITE, MAP_PRIVATE|MAP_FIXED|MAP_DENYWRITE, 3, 0xb7000) = 0x7a94c2837000
close(3)                                = 0
mmap(NULL, 8192, PROT_READ|PROT_WRITE, MAP_PRIVATE|MAP_ANONYMOUS, -1, 0) = 0x7a94c2c2e000
openat(AT_FDCWD, "/lib/x86_64-linux-gnu/libgpg-error.so.0", O_RDONLY|O_CLOEXEC) = 3
read(3, "\177ELF\2\1\1\0\0\0\0\0\0\0\0\0\3\0>\0\1\0\0\0\0\0\0\0\0\0\0\0"..., 832) = 832
fstat(3, {st_mode=S_IFREG|0644, st_size=149760, ...}) = 0
mmap(NULL, 147880, PROT_READ, MAP_PRIVATE|MAP_DENYWRITE, 3, 0) = 0x7a94c275a000
mmap(0x7a94c275e000, 90112, PROT_READ|PROT_EXEC, MAP_PRIVATE|MAP_FIXED|MAP_DENYWRITE, 3, 0x4000) = 0x7a94c275e000
mmap(0x7a94c2774000, 36864, PROT_READ, MAP_PRIVATE|MAP_FIXED|MAP_DENYWRITE, 3, 0x1a000) = 0x7a94c2774000
mmap(0x7a94c277d000, 8192, PROT_READ|PROT_WRITE, MAP_PRIVATE|MAP_FIXED|MAP_DENYWRITE, 3, 0x23000) = 0x7a94c277d000
close(3)                                = 0
openat(AT_FDCWD, "/lib/x86_64-linux-gnu/libaudit.so.1", O_RDONLY|O_CLOEXEC) = 3
read(3, "\177ELF\2\1\1\0\0\0\0\0\0\0\0\0\3\0>\0\1\0\0\0\0\0\0\0\0\0\0\0"..., 832) = 832
fstat(3, {st_mode=S_IFREG|0644, st_size=133200, ...}) = 0
mmap(NULL, 184496, PROT_READ, MAP_PRIVATE|MAP_DENYWRITE, 3, 0) = 0x7a94c272c000
mmap(0x7a94c272f000, 32768, PROT_READ|PROT_EXEC, MAP_PRIVATE|MAP_FIXED|MAP_DENYWRITE, 3, 0x3000) = 0x7a94c272f000
mmap(0x7a94c2737000, 86016, PROT_READ, MAP_PRIVATE|MAP_FIXED|MAP_DENYWRITE, 3, 0xb000) = 0x7a94c2737000
mmap(0x7a94c274c000, 8192, PROT_READ|PROT_WRITE, MAP_PRIVATE|MAP_FIXED|MAP_DENYWRITE, 3, 0x1f000) = 0x7a94c274c000
mmap(0x7a94c274e000, 45232, PROT_READ|PROT_WRITE, MAP_PRIVATE|MAP_FIXED|MAP_ANONYMOUS, -1, 0) = 0x7a94c274e000
close(3)                                = 0
openat(AT_FDCWD, "/lib/x86_64-linux-gnu/libpcre2-8.so.0", O_RDONLY|O_CLOEXEC) = 3
read(3, "\177ELF\2\1\1\0\0\0\0\0\0\0\0\0\3\0>\0\1\0\0\0\0\0\0\0\0\0\0\0"..., 832) = 832
fstat(3, {st_mode=S_IFREG|0644, st_size=625344, ...}) = 0
mmap(NULL, 627472, PROT_READ, MAP_PRIVATE|MAP_DENYWRITE, 3, 0) = 0x7a94c2166000
mmap(0x7a94c2168000, 450560, PROT_READ|PROT_EXEC, MAP_PRIVATE|MAP_FIXED|MAP_DENYWRITE, 3, 0x2000) = 0x7a94c2168000
mmap(0x7a94c21d6000, 163840, PROT_READ, MAP_PRIVATE|MAP_FIXED|MAP_DENYWRITE, 3, 0x70000) = 0x7a94c21d6000
mmap(0x7a94c21fe000, 8192, PROT_READ|PROT_WRITE, MAP_PRIVATE|MAP_FIXED|MAP_DENYWRITE, 3, 0x97000) = 0x7a94c21fe000
close(3)                                = 0
openat(AT_FDCWD, "/lib/x86_64-linux-gnu/libcap-ng.so.0", O_RDONLY|O_CLOEXEC) = 3
read(3, "\177ELF\2\1\1\0\0\0\0\0\0\0\0\0\3\0>\0\1\0\0\0\0\0\0\0\0\0\0\0"..., 832) = 832
fstat(3, {st_mode=S_IFREG|0644, st_size=26848, ...}) = 0
mmap(NULL, 28720, PROT_READ, MAP_PRIVATE|MAP_DENYWRITE, 3, 0) = 0x7a94c2c26000
mmap(0x7a94c2c28000, 12288, PROT_READ|PROT_EXEC, MAP_PRIVATE|MAP_FIXED|MAP_DENYWRITE, 3, 0x2000) = 0x7a94c2c28000
mmap(0x7a94c2c2b000, 4096, PROT_READ, MAP_PRIVATE|MAP_FIXED|MAP_DENYWRITE, 3, 0x5000) = 0x7a94c2c2b000
mmap(0x7a94c2c2c000, 8192, PROT_READ|PROT_WRITE, MAP_PRIVATE|MAP_FIXED|MAP_DENYWRITE, 3, 0x5000) = 0x7a94c2c2c000
close(3)                                = 0
mmap(NULL, 8192, PROT_READ|PROT_WRITE, MAP_PRIVATE|MAP_ANONYMOUS, -1, 0) = 0x7a94c2c24000
mmap(NULL, 8192, PROT_READ|PROT_WRITE, MAP_PRIVATE|MAP_ANONYMOUS, -1, 0) = 0x7a94c2c22000
arch_prctl(ARCH_SET_FS, 0x7a94c2c232c0) = 0
set_tid_address(0x7a94c2c23590)         = 14567
set_robust_list(0x7a94c2c235a0, 24)     = 0
rseq(0x7a94c2c23be0, 0x20, 0, 0x53053053) = 0
mprotect(0x7a94c2bff000, 16384, PROT_READ) = 0
mprotect(0x7a94c2c2c000, 4096, PROT_READ) = 0
mprotect(0x7a94c21fe000, 4096, PROT_READ) = 0
mprotect(0x7a94c274c000, 4096, PROT_READ) = 0
mprotect(0x7a94c277d000, 4096, PROT_READ) = 0
mprotect(0x7a94c2837000, 4096, PROT_READ) = 0
mprotect(0x7a94c2869000, 4096, PROT_READ) = 0
mprotect(0x7a94c2894000, 4096, PROT_READ) = 0
mprotect(0x7a94c28b6000, 4096, PROT_READ) = 0
mprotect(0x7a94c2c3f000, 4096, PROT_READ) = 0
mprotect(0x7a94c26b1000, 376832, PROT_READ) = 0
mprotect(0x7a94c31cc000, 24576, PROT_READ) = 0
mprotect(0x7a94c2c8d000, 8192, PROT_READ) = 0
mprotect(0x7a94c2cb0000, 4096, PROT_READ) = 0
mprotect(0x7a94c2ccc000, 4096, PROT_READ) = 0
mprotect(0x7a94c29f6000, 20480, PROT_READ) = 0
mprotect(0x7a94c2cfe000, 4096, PROT_READ) = 0
mprotect(0x7a94c2d13000, 4096, PROT_READ) = 0
mprotect(0x7a94c31db000, 4096, PROT_READ) = 0
mprotect(0x7a94c2dfe000, 4096, PROT_READ) = 0
mprotect(0x7a94c3176000, 118784, PROT_READ) = 0
mprotect(0x5e1029836000, 16384, PROT_READ) = 0
mmap(NULL, 8192, PROT_READ|PROT_WRITE, MAP_PRIVATE|MAP_ANONYMOUS, -1, 0) = 0x7a94c2c20000
mprotect(0x7a94c3227000, 8192, PROT_READ) = 0
prlimit64(0, RLIMIT_STACK, NULL, {rlim_cur=8192*1024, rlim_max=RLIM64_INFINITY}) = 0
munmap(0x7a94c31dd000, 69763)           = 0
openat(AT_FDCWD, "/proc/sys/kernel/cap_last_cap", O_RDONLY) = 3
fstatfs(3, {f_type=PROC_SUPER_MAGIC, f_bsize=4096, f_blocks=0, f_bfree=0, f_bavail=0, f_files=0, f_ffree=0, f_fsid={val=[0x18, 0]}, f_namelen=255, f_frsize=4096, f_flags=ST_VALID|ST_NOSUID|ST_NODEV|ST_NOEXEC|ST_RELATIME}) = 0
read(3, "40\n", 7)                      = 3
close(3)                                = 0
prctl(PR_CAPBSET_READ, CAP_CHOWN)       = 1
prctl(PR_GET_SECUREBITS)                = 0
prctl(PR_GET_NO_NEW_PRIVS, 0, 0, 0, 0)  = 0
prctl(PR_CAP_AMBIENT, PR_CAP_AMBIENT_IS_SET, CAP_CHOWN, 0, 0) = 0
getrandom("\x62\x83\x71\x9e\x7c\x3e\x1e\xd1", 8, GRND_NONBLOCK) = 8
brk(NULL)                               = 0x5e104902f000
brk(0x5e1049050000)                     = 0x5e1049050000
statfs("/sys/fs/selinux", 0x7ffd0766b6f0) = -1 ENOENT (No such file or directory)
statfs("/selinux", 0x7ffd0766b6f0)      = -1 ENOENT (No such file or directory)
openat(AT_FDCWD, "/proc/filesystems", O_RDONLY|O_CLOEXEC) = 3
fstat(3, {st_mode=S_IFREG|0444, st_size=0, ...}) = 0
read(3, "nodev\tsysfs\nnodev\ttmpfs\nnodev\tbd"..., 1024) = 409
read(3, "", 1024)                       = 0
close(3)                                = 0
access("/etc/selinux/config", F_OK)     = -1 ENOENT (No such file or directory)
prctl(PR_CAPBSET_READ, CAP_MAC_OVERRIDE) = 1
prctl(PR_CAPBSET_READ, 0x30 /* CAP_??? */) = -1 EINVAL (Invalid argument)
prctl(PR_CAPBSET_READ, CAP_CHECKPOINT_RESTORE) = 1
prctl(PR_CAPBSET_READ, 0x2c /* CAP_??? */) = -1 EINVAL (Invalid argument)
prctl(PR_CAPBSET_READ, 0x2a /* CAP_??? */) = -1 EINVAL (Invalid argument)
prctl(PR_CAPBSET_READ, 0x29 /* CAP_??? */) = -1 EINVAL (Invalid argument)
openat(AT_FDCWD, "/usr/lib/locale/locale-archive", O_RDONLY|O_CLOEXEC) = 3
fstat(3, {st_mode=S_IFREG|0644, st_size=8886384, ...}) = 0
mmap(NULL, 8886384, PROT_READ, MAP_PRIVATE, 3, 0) = 0x7a94c1800000
close(3)                                = 0
getpid()                                = 14567
getrandom("\x82\x7f\x77\xb2\x05\x41\xb0\xe4", 8, GRND_INSECURE) = 8
futex(0x7a94c3196668, FUTEX_WAKE_PRIVATE, 2147483647) = 0
socket(AF_UNIX, SOCK_STREAM|SOCK_CLOEXEC|SOCK_NONBLOCK, 0) = 3
prctl(PR_GET_NAME, "resolvectl")        = 0
getrandom("\xc7\x20\x93\xf4\x5f\x75\x7c\x53", 8, GRND_INSECURE) = 8
bind(3, {sa_family=AF_UNIX, sun_path=@"537c755ff49320c7/bus/resolvectl/system"}, 41) = 0
getsockopt(3, SOL_SOCKET, SO_RCVBUF, [212992], [4]) = 0
setsockopt(3, SOL_SOCKET, SO_RCVBUF, [8388608], 4) = 0
getsockopt(3, SOL_SOCKET, SO_RCVBUF, [425984], [4]) = 0
setsockopt(3, SOL_SOCKET, SO_RCVBUFFORCE, [8388608], 4) = -1 EPERM (Operation not permitted)
getsockopt(3, SOL_SOCKET, SO_SNDBUF, [212992], [4]) = 0
setsockopt(3, SOL_SOCKET, SO_SNDBUF, [8388608], 4) = 0
getsockopt(3, SOL_SOCKET, SO_SNDBUF, [425984], [4]) = 0
setsockopt(3, SOL_SOCKET, SO_SNDBUFFORCE, [8388608], 4) = -1 EPERM (Operation not permitted)
connect(3, {sa_family=AF_UNIX, sun_path="/run/dbus/system_bus_socket"}, 30) = 0
getsockopt(3, SOL_SOCKET, SO_PEERCRED, {pid=1, uid=0, gid=0}, [12]) = 0
getsockopt(3, SOL_SOCKET, SO_PEERSEC, "unconfined", [64 => 10]) = 0
getsockopt(3, SOL_SOCKET, SO_PEERGROUPS, 0x5e1049032430, [256 => 0]) = 0
getpeername(3, {sa_family=AF_UNIX, sun_path="/run/dbus/system_bus_socket"}, [127 => 30]) = 0
fstat(3, {st_mode=S_IFSOCK|0777, st_size=0, ...}) = 0
getsockopt(3, SOL_SOCKET, SO_ACCEPTCONN, [0], [4]) = 0
getsockname(3, {sa_family=AF_UNIX, sun_path=@"537c755ff49320c7/bus/resolvectl/system"}, [128 => 41]) = 0
sendmsg(3, {msg_name=NULL, msg_namelen=0, msg_iov=[{iov_base="\0AUTH EXTERNAL\r\nDATA\r\n", iov_len=22}, {iov_base="NEGOTIATE_UNIX_FD\r\n", iov_len=19}, {iov_base="BEGIN\r\n", iov_len=7}], msg_iovlen=3, msg_controllen=0, msg_flags=0}, MSG_DONTWAIT|MSG_NOSIGNAL) = 48
gettid()                                = 14567
getrandom("\x51\x57\x04\x8e\x3e\x62\x4a\x8b\x00\xc3\x63\x94\x10\x41\x75\x22", 16, GRND_INSECURE) = 16
futex(0x7a94c3194b04, FUTEX_WAKE_PRIVATE, 2147483647) = 0
recvmsg(3, {msg_name=NULL, msg_namelen=0, msg_iov=[{iov_base="DATA\r\nOK 5d0be4738acc45b9f3cc285"..., iov_len=256}], msg_iovlen=1, msg_controllen=0, msg_flags=MSG_CMSG_CLOEXEC}, MSG_DONTWAIT|MSG_CMSG_CLOEXEC) = 58
sendmsg(3, {msg_name=NULL, msg_namelen=0, msg_iov=[{iov_base="l\1\0\1\0\0\0\0\1\0\0\0m\0\0\0\1\1o\0\25\0\0\0/org/fre"..., iov_len=128}], msg_iovlen=1, msg_controllen=0, msg_flags=0}, MSG_DONTWAIT|MSG_NOSIGNAL) = 128
recvmsg(3, {msg_name=NULL, msg_namelen=0, msg_iov=[{iov_base="l\2\1\1\v\0\0\0\1\0\0\0=\0\0\0\6\1s\0\6\0\0\0", iov_len=24}], msg_iovlen=1, msg_controllen=0, msg_flags=MSG_CMSG_CLOEXEC}, MSG_DONTWAIT|MSG_CMSG_CLOEXEC) = 24
recvmsg(3, {msg_name=NULL, msg_namelen=0, msg_iov=[{iov_base=":1.249\0\0\5\1u\0\1\0\0\0\10\1g\0\1s\0\0\7\1s\0\24\0\0\0"..., iov_len=67}], msg_iovlen=1, msg_controllen=0, msg_flags=MSG_CMSG_CLOEXEC}, MSG_DONTWAIT|MSG_CMSG_CLOEXEC) = 67
sendmsg(3, {msg_name=NULL, msg_namelen=0, msg_iov=[{iov_base="l\1\0\1 \0\0\0\2\0\0\0\242\0\0\0\1\1o\0\31\0\0\0/org/fre"..., iov_len=184}, {iov_base="\0\0\0\0\10\0\0\00010086.cn\0\0\0\0\0\0\0\0\0\0\0\0\0\0\0\0", iov_len=32}], msg_iovlen=2, msg_controllen=0, msg_flags=0}, MSG_DONTWAIT|MSG_NOSIGNAL) = 216
recvmsg(3, {msg_name=NULL, msg_namelen=0, msg_iov=[{iov_base="l\4\1\1\v\0\0\0\2\0\0\0\215\0\0\0\1\1o\0\25\0\0\0", iov_len=24}], msg_iovlen=1, msg_controllen=0, msg_flags=MSG_CMSG_CLOEXEC}, MSG_DONTWAIT|MSG_CMSG_CLOEXEC) = 24
recvmsg(3, {msg_name=NULL, msg_namelen=0, msg_iov=[{iov_base="/org/freedesktop/DBus\0\0\0\2\1s\0\24\0\0\0"..., iov_len=147}], msg_iovlen=1, msg_controllen=0, msg_flags=MSG_CMSG_CLOEXEC}, MSG_DONTWAIT|MSG_CMSG_CLOEXEC) = 147
recvmsg(3, {msg_namelen=0}, MSG_DONTWAIT|MSG_CMSG_CLOEXEC) = -1 EAGAIN (Resource temporarily unavailable)
ppoll([{fd=3, events=POLLIN}], 1, {tv_sec=119, tv_nsec=997937000}, NULL, 8) = 1 ([{fd=3, revents=POLLIN}], left {tv_sec=119, tv_nsec=950757228})
recvmsg(3, {msg_name=NULL, msg_namelen=0, msg_iov=[{iov_base="l\2\1\1\200\0\0\0\200\0\0\0007\0\0\0\5\1u\0\2\0\0\0", iov_len=24}], msg_iovlen=1, msg_controllen=0, msg_flags=MSG_CMSG_CLOEXEC}, MSG_DONTWAIT|MSG_CMSG_CLOEXEC) = 24
recvmsg(3, {msg_name=NULL, msg_namelen=0, msg_iov=[{iov_base="\6\1s\0\6\0\0\0:1.249\0\0\10\1g\0\ta(iiay)st\0\0"..., iov_len=176}], msg_iovlen=1, msg_controllen=0, msg_flags=MSG_CMSG_CLOEXEC}, MSG_DONTWAIT|MSG_CMSG_CLOEXEC) = 176
ioctl(1, TCGETS, {c_iflag=BRKINT|ICRNL|IXON|IXANY|IMAXBEL|IUTF8, c_oflag=NL0|CR0|TAB0|BS0|VT0|FF0|OPOST|ONLCR, c_cflag=B38400|CS8|CREAD|HUPCL, c_lflag=ISIG|ICANON|ECHO|ECHOE|ECHOK|IEXTEN|ECHOCTL|ECHOKE, ...}) = 0
ioctl(2, TCGETS, {c_iflag=BRKINT|ICRNL|IXON|IXANY|IMAXBEL|IUTF8, c_oflag=NL0|CR0|TAB0|BS0|VT0|FF0|OPOST|ONLCR, c_cflag=B38400|CS8|CREAD|HUPCL, c_lflag=ISIG|ICANON|ECHO|ECHOE|ECHOK|IEXTEN|ECHOCTL|ECHOKE, ...}) = 0
fstat(1, {st_mode=S_IFCHR|0620, st_rdev=makedev(0x88, 0x5), ...}) = 0
socket(AF_UNIX, SOCK_DGRAM|SOCK_CLOEXEC, 0) = 4
ioctl(4, SIOCGIFNAME, {ifr_ifindex=2, ifr_name="ens33"}) = 0
close(4)                                = 0
write(1, "10086.cn: \33[0;1;39m2409:8080:382"..., 92) = 92
socket(AF_UNIX, SOCK_DGRAM|SOCK_CLOEXEC, 0) = 4
ioctl(4, SIOCGIFNAME, {ifr_ifindex=2, ifr_name="ens33"}) = 0
close(4)                                = 0
write(1, "          \33[0;1;39m2409:8080:381"..., 92) = 92
socket(AF_UNIX, SOCK_DGRAM|SOCK_CLOEXEC, 0) = 4
ioctl(4, SIOCGIFNAME, {ifr_ifindex=2, ifr_name="ens33"}) = 0
close(4)                                = 0
write(1, "          \33[0;1;39m36.160.4.7\33[0"..., 92) = 92
socket(AF_UNIX, SOCK_DGRAM|SOCK_CLOEXEC, 0) = 4
ioctl(4, SIOCGIFNAME, {ifr_ifindex=2, ifr_name="ens33"}) = 0
close(4)                                = 0
write(1, "          \33[0;1;39m36.160.4.161\33"..., 92) = 92
write(1, "\n", 1)                       = 1
write(1, "\33[0;38;5;245m-- Information acqu"..., 171) = 171
write(1, "\33[0;38;5;245m-- Data from: netwo"..., 39) = 39
close(3)                                = 0
exit_group(0)                           = ?
+++ exited with 0 +++
